Traceback (most recent call last):
  File "c:\Users\Sarah\Code\ProyectoABD\.venv\Lib\site-packages\jupyter_cache\executors\utils.py", line 58, in single_nb_execution
    executenb(
  File "c:\Users\Sarah\Code\ProyectoABD\.venv\Lib\site-packages\nbclient\client.py", line 1319, in execute
    return NotebookClient(nb=nb, resources=resources, km=km, **kwargs).execute()
           ^^^^^^^^^^^^^^^^^^^^^^^^^^^^^^^^^^^^^^^^^^^^^^^^^^^^^^^^^^^^^^^^^^^^^
  File "c:\Users\Sarah\Code\ProyectoABD\.venv\Lib\site-packages\jupyter_core\utils\__init__.py", line 165, in wrapped
    return loop.run_until_complete(inner)
           ^^^^^^^^^^^^^^^^^^^^^^^^^^^^^^
  File "C:\Program Files\WindowsApps\PythonSoftwareFoundation.Python.3.12_3.12.2544.0_x64__qbz5n2kfra8p0\Lib\asyncio\base_events.py", line 691, in run_until_complete
    return future.result()
           ^^^^^^^^^^^^^^^
  File "c:\Users\Sarah\Code\ProyectoABD\.venv\Lib\site-packages\nbclient\client.py", line 709, in async_execute
    await self.async_execute_cell(
  File "c:\Users\Sarah\Code\ProyectoABD\.venv\Lib\site-packages\nbclient\client.py", line 1062, in async_execute_cell
    await self._check_raise_for_error(cell, cell_index, exec_reply)
  File "c:\Users\Sarah\Code\ProyectoABD\.venv\Lib\site-packages\nbclient\client.py", line 918, in _check_raise_for_error
    raise CellExecutionError.from_cell_and_msg(cell, exec_reply_content)
nbclient.exceptions.CellExecutionError: An error occurred while executing the following cell:
------------------
import matplotlib.ticker as ticker

def label(value,pos):
    if value//1000000 > 0:
        label= str(tablas_folder / 'f'{value/1000000:,}M'
    elif value//1000 == str(tablas_folder / '0:
        label= str(tablas_folder / 'f'{int(value):,}'
    else:
        label= str(tablas_folder / 'f'{int(value/1000):,}k'
    return label

# Create a violin plot
plt.figure(figsize=(10,12))
sns.violinplot(data=nor_salary_insights,x='salary',inner='box',color='lightgreen')


plt.xscale('log')
# Custom tick values for x and y axes
x_ticks = str(tablas_folder / '[10, 100, 1000, 10000, mean_salary, 1000000]  # TODO rango intercuartil

# Apply custom ticks to axes
plt.gca().set_xticks(x_ticks)

# Optionally, format the ticks for better readability
plt.gca().xaxis.set_major_formatter(ticker.FuncFormatter(label))

# Add lines to ticks
plt.grid(True,which='major', linestyle='--',alpha=0.7)

# Customize plot
plt.title("Distribución de salarios promedio")
plt.xlabel("Valor (en dólares)")
plt.ylabel("Densidad")

# Show the plot
plt.show()
------------------


[1;36m  Cell [1;32mIn[6], line 5[1;36m[0m
[1;33m    label= str(tablas_folder / 'f'{value/1000000:,}M'[0m
[1;37m                                                    ^[0m
[1;31mSyntaxError[0m[1;31m:[0m unterminated string literal (detected at line 5)


